<?xml version="1.0" encoding="UTF-8"?>
<!-- Generated by org.testng.reporters.JUnitReportReporter -->
<testsuite skipped="0" hostname="DESKTOP-BV5IUMI" name="samplePack.test1" tests="1" failures="0" timestamp="30 May 2018 10:13:16 GMT" time="11.369" errors="0">
  <testcase name="launchBrowser" time="11.369" classname="samplePack.test1"/>
</testsuite> <!-- samplePack.test1 -->
